2019/11/13 14:30:12 Connected to:  probe.newton.life:3333
2019/11/13 15:06:58 Connected to:  probe.newton.life:3333
2019/11/13 15:07:10 Connected to:  probe.newton.life:3333
<<<<<<< HEAD
2019/11/14 16:44:25 Connected to:  probe.newton.life:3333
2019/11/14 16:45:43 Connected to:  probe.newton.life:3333
2019/11/14 16:46:54 Connected to:  probe.newton.life:3333
2019/11/14 16:50:52 Connected to:  probe.newton.life:3333
2019/11/14 16:57:03 Connected to:  probe.newton.life:3333
2019/11/14 17:12:51 Connected to:  probe.newton.life:3333
2019/11/14 17:14:33 Connected to:  probe.newton.life:3333
2019/11/14 17:15:09 Connected to:  probe.newton.life:3333
2019/11/14 17:15:35 Connected to:  probe.newton.life:3333
2019/11/14 17:55:31 Connected to:  probe.newton.life:3333
2019/11/14 18:07:22 Connected to:  probe.newton.life:3333
2019/11/14 18:08:53 Connected to:  probe.newton.life:3333
2019/11/14 18:09:36 Connected to:  probe.newton.life:3333
2019/11/14 18:10:04 Connected to:  probe.newton.life:3333
2019/11/14 18:26:42 Connected to:  probe.newton.life:3333
2019/11/14 18:31:04 Connected to:  probe.newton.life:3333
2019/11/14 18:33:21 Connected to:  probe.newton.life:3333
2019/11/14 18:36:38 Connected to:  probe.newton.life:3333
2019/11/14 18:44:50 Connected to:  probe.newton.life:3333
2019/11/14 18:54:43 Connected to:  probe.newton.life:3333
2019/11/14 19:03:04 Connected to:  probe.newton.life:3333
2019/11/14 19:04:02 Connected to:  probe.newton.life:3333
2019/11/14 19:04:46 Connected to:  probe.newton.life:3333
=======
2019/11/13 08:13:13 Connected to:  probe.newton.life:3333
2019/11/13 08:27:37 Connected to:  probe.newton.life:3333
2019/11/13 09:11:13 Connected to:  probe.newton.life:3333
>>>>>>> 25058e9cdd6f59df0a27d2cdc6da745b09ffb39d
2019/11/14 19:13:01 Connected to:  probe.newton.life:3333
2019/11/14 19:13:05 Connected to:  probe.newton.life:3333
2019/11/14 19:16:27 Connected to:  probe.newton.life:3333
2019/11/14 19:16:53 Connected to:  probe.newton.life:3333
2019/11/14 19:17:17 Connected to:  probe.newton.life:3333
2019/11/14 19:17:32 Connected to:  probe.newton.life:3333
2019/11/14 19:21:33 Connected to:  probe.newton.life:3333
2020/01/13 16:54:17 Connected to:  probe.newton.life:3333
2020/01/14 11:45:11 Connected to:  localhost:3333
2020/01/14 11:46:11 Connected to:  localhost:3333
2020/01/14 11:47:11 Connected to:  localhost:3333
2020/01/14 11:48:11 Connected to:  localhost:3333
2020/01/14 11:49:11 Connected to:  localhost:3333
2020/01/14 11:49:12 Connected to:  localhost:3333
2020/01/14 11:50:12 Connected to:  localhost:3333
2020/01/14 11:51:12 Connected to:  localhost:3333
2020/01/14 11:52:12 Connected to:  localhost:3333
2020/01/14 11:54:16 Connected to:  localhost:3333
2020/01/14 11:55:16 Connected to:  localhost:3333
2020/01/14 11:55:17 Connected to:  localhost:3333
2020/01/14 11:56:17 Connected to:  localhost:3333
2020/01/14 11:57:17 Connected to:  localhost:3333
2020/01/14 11:58:17 Connected to:  localhost:3333
2020/01/14 11:59:17 Connected to:  localhost:3333
2020/01/14 12:00:17 Connected to:  localhost:3333
2020/01/14 12:01:17 Connected to:  localhost:3333
2020/01/14 12:16:07 Connected to:  localhost:3333
2020/01/14 12:16:08 Connected to:  localhost:3333
2020/01/14 12:16:08 Connected to:  localhost:3333
2020/01/14 12:16:09 Connected to:  localhost:3333
2020/01/14 12:16:10 Connected to:  localhost:3333
2020/01/14 12:16:11 Connected to:  localhost:3333
2020/01/14 12:16:12 Connected to:  localhost:3333
2020/01/14 12:16:13 Connected to:  localhost:3333
2020/01/14 12:16:14 Connected to:  localhost:3333
2020/01/14 12:16:15 Connected to:  localhost:3333
2020/01/14 12:16:16 Connected to:  localhost:3333
2020/01/14 12:17:16 Connected to:  localhost:3333
2020/01/14 12:17:17 Connected to:  localhost:3333
2020/01/14 12:18:17 Connected to:  localhost:3333
2020/01/14 12:18:18 Connected to:  localhost:3333
2020/01/14 12:19:18 Connected to:  localhost:3333
2020/01/14 12:20:18 Connected to:  localhost:3333
2020/01/14 12:21:18 Connected to:  localhost:3333
2020/01/14 12:21:19 Connected to:  localhost:3333
2020/01/14 12:41:08 Connected to:  localhost:3333
2020/01/14 12:41:09 Connected to:  localhost:3333
2020/01/14 12:41:09 Connected to:  localhost:3333
2020/01/14 12:41:10 Connected to:  localhost:3333
2020/01/14 12:41:11 Connected to:  localhost:3333
2020/01/14 12:41:12 Connected to:  localhost:3333
2020/01/14 12:41:13 Connected to:  localhost:3333
2020/01/14 12:41:14 Connected to:  localhost:3333
2020/01/14 12:41:15 Connected to:  localhost:3333
2020/01/14 12:41:16 Connected to:  localhost:3333
2020/01/14 12:41:17 Connected to:  localhost:3333
2020/01/14 12:41:18 Connected to:  localhost:3333
2020/01/14 12:41:19 Connected to:  localhost:3333
2020/01/14 12:41:20 Connected to:  localhost:3333
2020/01/14 12:41:21 Connected to:  localhost:3333
2020/01/14 12:41:22 Connected to:  localhost:3333
2020/01/14 12:41:23 Connected to:  localhost:3333
2020/01/14 12:41:24 Connected to:  localhost:3333
2020/01/14 12:41:25 Connected to:  localhost:3333
2020/01/14 12:41:26 Connected to:  localhost:3333
2020/01/14 12:41:27 Connected to:  localhost:3333
2020/01/14 12:41:28 Connected to:  localhost:3333
2020/01/14 12:41:29 Connected to:  localhost:3333
2020/01/14 12:41:30 Connected to:  localhost:3333
2020/01/14 12:41:31 Connected to:  localhost:3333
2020/01/14 12:41:32 Connected to:  localhost:3333
2020/01/14 12:41:33 Connected to:  localhost:3333
2020/01/14 12:41:34 Connected to:  localhost:3333
2020/01/14 12:41:35 Connected to:  localhost:3333
2020/01/14 12:41:36 Connected to:  localhost:3333
2020/01/14 12:41:37 Connected to:  localhost:3333
2020/01/14 12:41:38 Connected to:  localhost:3333
2020/01/14 12:41:39 Connected to:  localhost:3333
2020/01/14 12:41:40 Connected to:  localhost:3333
2020/01/14 12:41:41 Connected to:  localhost:3333
2020/01/14 12:41:42 Connected to:  localhost:3333
2020/01/14 12:41:43 Connected to:  localhost:3333
2020/01/14 12:41:44 Connected to:  localhost:3333
2020/01/14 12:53:11 Connected to:  localhost:3333
2020/01/14 12:53:12 Connected to:  localhost:3333
2020/01/14 12:53:13 Connected to:  localhost:3333
2020/01/14 12:53:14 Connected to:  localhost:3333
2020/01/14 12:53:15 Connected to:  localhost:3333
2020/01/14 12:53:16 Connected to:  localhost:3333
2020/01/14 12:53:17 Connected to:  localhost:3333
2020/01/14 12:53:18 Connected to:  localhost:3333
2020/01/14 12:53:19 Connected to:  localhost:3333
2020/01/14 12:53:20 Connected to:  localhost:3333
2020/01/14 12:53:21 Connected to:  localhost:3333
2020/01/14 12:53:22 Connected to:  localhost:3333
2020/01/14 12:53:23 Connected to:  localhost:3333
2020/01/14 12:53:24 Connected to:  localhost:3333
2020/01/14 12:53:25 Connected to:  localhost:3333
2020/01/14 12:53:26 Connected to:  localhost:3333
2020/01/14 12:53:27 Connected to:  localhost:3333
2020/01/14 12:53:28 Connected to:  localhost:3333
2020/01/14 12:53:29 Connected to:  localhost:3333
2020/01/14 12:53:30 Connected to:  localhost:3333
2020/01/14 12:53:31 Connected to:  localhost:3333
2020/01/14 12:54:31 Connected to:  localhost:3333
2020/01/14 12:55:31 Connected to:  localhost:3333
2020/01/14 12:56:31 Connected to:  localhost:3333
2020/01/14 12:57:31 Connected to:  localhost:3333
2020/01/14 12:58:31 Connected to:  localhost:3333
2020/01/14 12:59:31 Connected to:  localhost:3333
2020/01/14 13:00:31 Connected to:  localhost:3333
2020/01/14 13:00:32 Connected to:  localhost:3333
2020/01/14 13:01:32 Connected to:  localhost:3333
2020/01/14 13:01:33 Connected to:  localhost:3333
2020/01/14 13:02:33 Connected to:  localhost:3333
2020/01/14 13:03:33 Connected to:  localhost:3333
2020/01/14 13:04:33 Connected to:  localhost:3333
2020/01/14 13:05:33 Connected to:  localhost:3333
2020/01/14 13:06:33 Connected to:  localhost:3333
2020/01/14 13:07:33 Connected to:  localhost:3333
2020/01/14 13:08:33 Connected to:  localhost:3333
2020/01/14 13:09:33 Connected to:  localhost:3333
2020/01/14 13:09:34 Connected to:  localhost:3333
2020/01/14 13:10:34 Connected to:  localhost:3333
2020/01/14 13:11:34 Connected to:  localhost:3333
2020/01/14 13:11:35 Connected to:  localhost:3333
2020/01/14 13:12:35 Connected to:  localhost:3333
2020/01/14 13:13:35 Connected to:  localhost:3333
2020/01/14 13:13:36 Connected to:  localhost:3333
2020/01/14 13:14:36 Connected to:  localhost:3333
2020/01/14 13:14:37 Connected to:  localhost:3333
2020/01/14 13:15:37 Connected to:  localhost:3333
2020/01/14 13:16:37 Connected to:  localhost:3333
2020/01/14 13:17:37 Connected to:  localhost:3333
2020/01/14 13:17:38 Connected to:  localhost:3333
2020/01/14 13:18:38 Connected to:  localhost:3333
2020/01/14 13:18:39 Connected to:  localhost:3333
2020/01/14 13:19:39 Connected to:  localhost:3333
2020/01/14 13:20:39 Connected to:  localhost:3333
2020/01/14 13:21:39 Connected to:  localhost:3333
2020/01/14 13:22:39 Connected to:  localhost:3333
2020/01/14 13:22:40 Connected to:  localhost:3333
2020/01/14 13:23:40 Connected to:  localhost:3333
2020/01/14 13:23:41 Connected to:  localhost:3333
2020/01/14 13:24:41 Connected to:  localhost:3333
2020/01/14 13:25:41 Connected to:  localhost:3333
2020/01/14 13:25:42 Connected to:  localhost:3333
2020/01/14 13:26:42 Connected to:  localhost:3333
2020/01/14 13:27:42 Connected to:  localhost:3333
2020/01/14 13:28:42 Connected to:  localhost:3333
2020/01/14 13:28:43 Connected to:  localhost:3333
2020/01/14 13:29:43 Connected to:  localhost:3333
2020/01/14 13:30:43 Connected to:  localhost:3333
2020/01/14 13:31:43 Connected to:  localhost:3333
2020/01/14 13:32:43 Connected to:  localhost:3333
2020/01/14 13:33:43 Connected to:  localhost:3333
2020/01/14 13:33:44 Connected to:  localhost:3333
2020/01/14 13:34:44 Connected to:  localhost:3333
2020/01/14 13:35:44 Connected to:  localhost:3333
2020/01/14 13:36:44 Connected to:  localhost:3333
2020/01/14 13:36:45 Connected to:  localhost:3333
2020/01/14 13:37:45 Connected to:  localhost:3333
2020/01/14 13:37:46 Connected to:  localhost:3333
2020/01/14 13:38:46 Connected to:  localhost:3333
2020/01/14 13:38:47 Connected to:  localhost:3333
2020/01/14 13:39:47 Connected to:  localhost:3333
2020/01/14 13:39:48 Connected to:  localhost:3333
2020/01/14 13:40:48 Connected to:  localhost:3333
2020/01/14 13:40:49 Connected to:  localhost:3333
2020/01/14 13:41:49 Connected to:  localhost:3333
2020/01/14 13:42:49 Connected to:  localhost:3333
2020/01/14 13:43:49 Connected to:  localhost:3333
2020/01/14 13:43:50 Connected to:  localhost:3333
2020/01/14 13:44:50 Connected to:  localhost:3333
2020/01/14 13:45:50 Connected to:  localhost:3333
2020/01/14 13:46:50 Connected to:  localhost:3333
2020/01/14 13:46:51 Connected to:  localhost:3333
2020/01/14 13:47:51 Connected to:  localhost:3333
2020/01/14 13:47:52 Connected to:  localhost:3333
2020/01/14 13:48:52 Connected to:  localhost:3333
2020/01/14 13:49:52 Connected to:  localhost:3333
2020/01/14 13:50:52 Connected to:  localhost:3333
2020/01/14 13:51:52 Connected to:  localhost:3333
2020/01/14 13:52:52 Connected to:  localhost:3333
2020/01/14 13:52:53 Connected to:  localhost:3333
2020/01/14 13:53:53 Connected to:  localhost:3333
2020/01/14 13:54:53 Connected to:  localhost:3333
2020/01/14 13:55:53 Connected to:  localhost:3333
2020/01/14 13:56:53 Connected to:  localhost:3333
2020/01/14 13:56:54 Connected to:  localhost:3333
2020/01/14 13:57:54 Connected to:  localhost:3333
2020/01/14 13:58:54 Connected to:  localhost:3333
2020/01/14 13:59:54 Connected to:  localhost:3333
2020/01/14 14:00:54 Connected to:  localhost:3333
2020/01/14 14:00:55 Connected to:  localhost:3333
2020/01/14 14:01:55 Connected to:  localhost:3333
2020/01/14 14:02:55 Connected to:  localhost:3333
2020/01/14 14:03:55 Connected to:  localhost:3333
2020/01/14 14:04:55 Connected to:  localhost:3333
2020/01/14 14:05:55 Connected to:  localhost:3333
2020/01/14 14:06:55 Connected to:  localhost:3333
2020/01/14 14:06:56 Connected to:  localhost:3333
2020/01/14 14:07:56 Connected to:  localhost:3333
2020/01/14 14:08:56 Connected to:  localhost:3333
2020/01/14 14:08:57 Connected to:  localhost:3333
2020/01/14 14:09:57 Connected to:  localhost:3333
2020/01/14 14:10:57 Connected to:  localhost:3333
2020/01/14 14:10:58 Connected to:  localhost:3333
2020/01/14 14:11:58 Connected to:  localhost:3333
2020/01/14 14:11:59 Connected to:  localhost:3333
2020/01/14 14:12:59 Connected to:  localhost:3333
2020/01/14 14:13:59 Connected to:  localhost:3333
2020/01/14 14:14:59 Connected to:  localhost:3333
2020/01/14 14:15:59 Connected to:  localhost:3333
2020/01/14 14:16:59 Connected to:  localhost:3333
2020/01/14 14:17:59 Connected to:  localhost:3333
2020/01/14 14:18:59 Connected to:  localhost:3333
2020/01/14 14:19:59 Connected to:  localhost:3333
2020/01/14 14:20:59 Connected to:  localhost:3333
2020/01/14 14:21:00 Connected to:  localhost:3333
2020/01/14 14:22:00 Connected to:  localhost:3333
2020/01/14 14:23:00 Connected to:  localhost:3333
2020/01/14 14:24:00 Connected to:  localhost:3333
2020/01/14 14:24:01 Connected to:  localhost:3333
2020/01/14 14:25:01 Connected to:  localhost:3333
2020/01/14 14:26:01 Connected to:  localhost:3333
2020/01/14 14:27:01 Connected to:  localhost:3333
2020/01/14 14:28:01 Connected to:  localhost:3333
2020/01/14 14:29:01 Connected to:  localhost:3333
2020/01/14 14:30:01 Connected to:  localhost:3333
2020/01/14 14:30:02 Connected to:  localhost:3333
2020/01/14 14:31:02 Connected to:  localhost:3333
2020/01/14 14:31:03 Connected to:  localhost:3333
2020/01/14 14:32:03 Connected to:  localhost:3333
2020/01/14 14:33:03 Connected to:  localhost:3333
2020/01/14 14:34:03 Connected to:  localhost:3333
2020/01/14 14:34:04 Connected to:  localhost:3333
2020/01/14 14:35:04 Connected to:  localhost:3333
2020/01/14 14:36:04 Connected to:  localhost:3333
2020/01/14 14:37:04 Connected to:  localhost:3333
2020/01/14 14:38:04 Connected to:  localhost:3333
2020/01/14 14:38:05 Connected to:  localhost:3333
2020/01/14 14:39:05 Connected to:  localhost:3333
2020/01/14 14:40:05 Connected to:  localhost:3333
2020/01/14 14:41:05 Connected to:  localhost:3333
2020/01/14 14:42:05 Connected to:  localhost:3333
2020/01/14 14:43:05 Connected to:  localhost:3333
2020/01/14 14:50:21 Connected to:  localhost:3333
2020/01/14 14:50:22 Connected to:  localhost:3333
2020/01/14 14:50:22 Connected to:  localhost:3333
2020/01/14 14:50:23 Connected to:  localhost:3333
2020/01/14 14:50:24 Connected to:  localhost:3333
2020/01/14 14:50:25 Connected to:  localhost:3333
2020/01/14 14:50:26 Connected to:  localhost:3333
2020/01/14 14:50:27 Connected to:  localhost:3333
2020/01/14 14:50:28 Connected to:  localhost:3333
2020/01/14 14:50:29 Connected to:  localhost:3333
2020/01/14 14:50:30 Connected to:  localhost:3333
2020/01/14 14:50:31 Connected to:  localhost:3333
2020/01/14 14:50:32 Connected to:  localhost:3333
2020/01/14 14:50:33 Connected to:  localhost:3333
2020/01/14 14:50:34 Connected to:  localhost:3333
2020/01/14 14:50:35 Connected to:  localhost:3333
2020/01/14 14:50:36 Connected to:  localhost:3333
2020/01/14 14:50:37 Connected to:  localhost:3333
2020/01/14 14:50:38 Connected to:  localhost:3333
2020/01/14 14:50:39 Connected to:  localhost:3333
2020/01/14 14:50:40 Connected to:  localhost:3333
2020/01/14 14:50:41 Connected to:  localhost:3333
2020/01/14 14:50:42 Connected to:  localhost:3333
2020/01/14 14:50:43 Connected to:  localhost:3333
2020/01/14 14:50:44 Connected to:  localhost:3333
2020/01/14 14:50:45 Connected to:  localhost:3333
2020/01/14 14:50:46 Connected to:  localhost:3333
2020/01/14 14:50:47 Connected to:  localhost:3333
2020/01/14 14:50:48 Connected to:  localhost:3333
2020/01/14 14:50:49 Connected to:  localhost:3333
2020/01/14 14:50:50 Connected to:  localhost:3333
2020/01/14 14:50:51 Connected to:  localhost:3333
2020/01/14 14:50:52 Connected to:  localhost:3333
2020/01/14 14:50:53 Connected to:  localhost:3333
2020/01/14 14:50:54 Connected to:  localhost:3333
2020/01/14 14:50:55 Connected to:  localhost:3333
2020/01/14 14:50:56 Connected to:  localhost:3333
2020/01/14 14:50:57 Connected to:  localhost:3333
2020/01/14 14:50:58 Connected to:  localhost:3333
2020/01/14 14:50:59 Connected to:  localhost:3333
2020/01/14 14:51:00 Connected to:  localhost:3333
2020/01/14 14:51:01 Connected to:  localhost:3333
2020/01/14 14:51:02 Connected to:  localhost:3333
2020/01/14 14:51:03 Connected to:  localhost:3333
2020/01/14 14:51:04 Connected to:  localhost:3333
2020/01/14 14:51:05 Connected to:  localhost:3333
2020/01/14 14:51:06 Connected to:  localhost:3333
2020/01/14 14:51:07 Connected to:  localhost:3333
2020/01/14 14:51:08 Connected to:  localhost:3333
2020/01/14 14:51:09 Connected to:  localhost:3333
2020/01/14 14:51:10 Connected to:  localhost:3333
2020/01/14 14:51:11 Connected to:  localhost:3333
2020/01/14 14:52:11 Connected to:  localhost:3333
2020/01/14 14:52:12 Connected to:  localhost:3333
2020/01/14 14:53:12 Connected to:  localhost:3333
2020/01/14 14:54:12 Connected to:  localhost:3333
2020/01/14 14:55:12 Connected to:  localhost:3333
2020/01/14 14:56:12 Connected to:  localhost:3333
2020/01/14 14:57:12 Connected to:  localhost:3333
2020/01/14 14:57:13 Connected to:  localhost:3333
2020/01/14 14:58:13 Connected to:  localhost:3333
2020/01/14 14:59:13 Connected to:  localhost:3333
2020/01/14 15:00:13 Connected to:  localhost:3333
2020/01/14 15:01:13 Connected to:  localhost:3333
2020/01/14 15:02:13 Connected to:  localhost:3333
2020/01/14 15:02:14 Connected to:  localhost:3333
2020/01/14 15:03:14 Connected to:  localhost:3333
2020/01/14 15:04:14 Connected to:  localhost:3333
2020/01/14 15:05:14 Connected to:  localhost:3333
2020/01/14 15:05:15 Connected to:  localhost:3333
2020/01/14 15:06:15 Connected to:  localhost:3333
2020/01/14 15:06:16 Connected to:  localhost:3333
2020/01/14 15:07:16 Connected to:  localhost:3333
2020/01/14 15:08:16 Connected to:  localhost:3333
2020/01/14 15:09:16 Connected to:  localhost:3333
2020/01/14 15:10:16 Connected to:  localhost:3333
2020/01/14 15:10:17 Connected to:  localhost:3333
2020/01/14 15:11:17 Connected to:  localhost:3333
2020/01/14 15:12:17 Connected to:  localhost:3333
2020/01/14 15:12:18 Connected to:  localhost:3333
2020/01/14 15:13:18 Connected to:  localhost:3333
2020/01/14 15:14:18 Connected to:  localhost:3333
2020/01/14 15:15:18 Connected to:  localhost:3333
2020/01/14 15:16:18 Connected to:  localhost:3333
2020/01/14 15:17:18 Connected to:  localhost:3333
2020/01/14 15:18:18 Connected to:  localhost:3333
2020/01/14 15:18:19 Connected to:  localhost:3333
2020/01/14 15:19:19 Connected to:  localhost:3333
2020/01/14 15:19:20 Connected to:  localhost:3333
2020/01/14 15:20:20 Connected to:  localhost:3333
2020/01/15 17:56:20 Connected to:  localhost:3333
2020/01/15 17:57:20 Connected to:  localhost:3333
2020/01/15 17:58:20 Connected to:  localhost:3333
2020/01/15 17:59:20 Connected to:  localhost:3333
2020/01/15 18:00:20 Connected to:  localhost:3333
2020/01/15 18:01:20 Connected to:  localhost:3333
2020/01/15 18:02:20 Connected to:  localhost:3333
2020/01/15 18:03:20 Connected to:  localhost:3333
2020/01/15 18:03:21 Connected to:  localhost:3333
2020/01/15 18:04:21 Connected to:  localhost:3333
2020/01/15 18:05:21 Connected to:  localhost:3333
2020/01/15 18:05:22 Connected to:  localhost:3333
2020/01/15 18:06:22 Connected to:  localhost:3333
2020/01/15 18:07:22 Connected to:  localhost:3333
2020/01/15 18:08:22 Connected to:  localhost:3333
2020/01/15 18:08:23 Connected to:  localhost:3333
2020/01/15 18:09:23 Connected to:  localhost:3333
2020/01/15 18:10:23 Connected to:  localhost:3333
2020/01/15 18:10:24 Connected to:  localhost:3333
2020/01/15 18:11:24 Connected to:  localhost:3333
2020/01/15 18:12:24 Connected to:  localhost:3333
2020/01/15 18:13:24 Connected to:  localhost:3333
2020/01/15 18:14:24 Connected to:  localhost:3333
2020/01/15 18:15:24 Connected to:  localhost:3333
2020/01/15 18:16:24 Connected to:  localhost:3333
2020/01/15 18:17:24 Connected to:  localhost:3333
2020/01/15 18:17:25 Connected to:  localhost:3333
2020/01/15 18:18:25 Connected to:  localhost:3333
2020/01/15 18:19:25 Connected to:  localhost:3333
2020/01/15 18:20:25 Connected to:  localhost:3333
2020/01/15 18:21:25 Connected to:  localhost:3333
2020/01/15 18:21:26 Connected to:  localhost:3333
2020/01/15 18:22:26 Connected to:  localhost:3333
2020/01/15 18:23:26 Connected to:  localhost:3333
2020/01/15 18:24:26 Connected to:  localhost:3333
2020/01/15 18:25:26 Connected to:  localhost:3333
2020/01/15 18:26:26 Connected to:  localhost:3333
2020/01/15 18:27:26 Connected to:  localhost:3333
2020/01/20 23:05:17 Connected to:  probe.newton.life:3333
2020/01/20 23:06:17 Connected to:  probe.newton.life:3333
2020/01/20 23:07:17 Connected to:  probe.newton.life:3333
2020/01/20 23:08:17 Connected to:  probe.newton.life:3333
2020/01/20 23:09:17 Connected to:  probe.newton.life:3333
2020/01/20 23:10:17 Connected to:  probe.newton.life:3333
2020/01/20 23:11:17 Connected to:  probe.newton.life:3333
2020/01/20 23:12:17 Connected to:  probe.newton.life:3333
2020/01/20 23:13:17 Connected to:  probe.newton.life:3333
2020/01/20 23:14:17 Connected to:  probe.newton.life:3333
2020/01/20 23:15:17 Connected to:  probe.newton.life:3333
2020/01/20 23:16:17 Connected to:  probe.newton.life:3333
2020/01/20 23:17:17 Connected to:  probe.newton.life:3333
2020/01/20 23:18:17 Connected to:  probe.newton.life:3333
2020/01/20 23:19:17 Connected to:  probe.newton.life:3333
2020/01/20 23:20:17 Connected to:  probe.newton.life:3333
2020/01/20 23:21:17 Connected to:  probe.newton.life:3333
2020/01/20 23:22:17 Connected to:  probe.newton.life:3333
2020/01/20 23:23:17 Connected to:  probe.newton.life:3333
2020/01/20 23:24:17 Connected to:  probe.newton.life:3333
2020/01/20 23:25:17 Connected to:  probe.newton.life:3333
2020/01/20 23:26:17 Connected to:  probe.newton.life:3333
2020/01/20 23:27:17 Connected to:  probe.newton.life:3333
2020/01/20 23:28:17 Connected to:  probe.newton.life:3333
2020/01/20 23:29:17 Connected to:  probe.newton.life:3333
2020/01/20 23:30:17 Connected to:  probe.newton.life:3333
2020/01/20 23:31:17 Connected to:  probe.newton.life:3333
2020/01/20 23:32:17 Connected to:  probe.newton.life:3333
2020/01/20 23:33:17 Connected to:  probe.newton.life:3333
2020/01/20 23:34:17 Connected to:  probe.newton.life:3333
2020/01/20 23:35:17 Connected to:  probe.newton.life:3333
2020/01/20 23:36:17 Connected to:  probe.newton.life:3333
2020/01/20 23:37:17 Connected to:  probe.newton.life:3333
2020/01/20 23:38:17 Connected to:  probe.newton.life:3333
2020/01/20 23:39:17 Connected to:  probe.newton.life:3333
2020/01/20 23:40:17 Connected to:  probe.newton.life:3333
2020/01/20 23:41:17 Connected to:  probe.newton.life:3333
2020/01/20 23:42:17 Connected to:  probe.newton.life:3333
2020/01/20 23:43:17 Connected to:  probe.newton.life:3333
2020/01/20 23:44:17 Connected to:  probe.newton.life:3333
2020/01/20 23:45:17 Connected to:  probe.newton.life:3333
2020/01/20 23:46:17 Connected to:  probe.newton.life:3333
2020/01/20 23:47:17 Connected to:  probe.newton.life:3333
2020/01/20 23:48:17 Connected to:  probe.newton.life:3333
2020/01/20 23:49:17 Connected to:  probe.newton.life:3333
2020/01/20 23:50:17 Connected to:  probe.newton.life:3333
2020/01/20 23:51:17 Connected to:  probe.newton.life:3333
2020/01/20 23:52:17 Connected to:  probe.newton.life:3333
2020/01/20 23:53:17 Connected to:  probe.newton.life:3333
2020/01/20 23:54:17 Connected to:  probe.newton.life:3333
2020/01/20 23:55:17 Connected to:  probe.newton.life:3333
2020/01/20 23:56:17 Connected to:  probe.newton.life:3333
2020/01/20 23:57:17 Connected to:  probe.newton.life:3333
2020/01/20 23:58:17 Connected to:  probe.newton.life:3333
2020/01/20 23:59:17 Connected to:  probe.newton.life:3333
2020/01/21 00:00:17 Connected to:  probe.newton.life:3333
2020/01/21 00:01:17 Connected to:  probe.newton.life:3333
2020/01/21 00:02:17 Connected to:  probe.newton.life:3333
2020/01/21 00:03:17 Connected to:  probe.newton.life:3333
2020/01/21 00:04:17 Connected to:  probe.newton.life:3333
2020/01/21 00:05:17 Connected to:  probe.newton.life:3333
2020/01/21 00:06:17 Connected to:  probe.newton.life:3333
2020/01/21 00:07:17 Connected to:  probe.newton.life:3333
2020/01/21 00:08:17 Connected to:  probe.newton.life:3333
2020/01/21 00:09:17 Connected to:  probe.newton.life:3333
2020/01/21 00:10:17 Connected to:  probe.newton.life:3333
2020/01/21 00:11:17 Connected to:  probe.newton.life:3333
2020/01/21 00:12:17 Connected to:  probe.newton.life:3333
2020/01/21 00:13:17 Connected to:  probe.newton.life:3333
2020/01/21 00:14:17 Connected to:  probe.newton.life:3333
2020/01/21 00:15:17 Connected to:  probe.newton.life:3333
2020/01/21 00:16:17 Connected to:  probe.newton.life:3333
2020/01/21 00:17:17 Connected to:  probe.newton.life:3333
2020/01/21 00:18:17 Connected to:  probe.newton.life:3333
2020/01/21 00:19:17 Connected to:  probe.newton.life:3333
2020/01/21 00:20:17 Connected to:  probe.newton.life:3333
2020/01/21 00:21:17 Connected to:  probe.newton.life:3333
2020/01/21 00:22:17 Connected to:  probe.newton.life:3333
2020/01/21 00:23:17 Connected to:  probe.newton.life:3333
2020/01/21 00:24:17 Connected to:  probe.newton.life:3333
2020/01/21 00:25:17 Connected to:  probe.newton.life:3333
2020/01/21 00:26:17 Connected to:  probe.newton.life:3333
2020/01/21 00:27:17 Connected to:  probe.newton.life:3333
2020/01/21 00:28:17 Connected to:  probe.newton.life:3333
2020/01/21 02:21:42 Connected to:  probe.newton.life:3333
2020/01/21 02:22:42 Connected to:  probe.newton.life:3333
2020/01/21 17:09:14 Connected to:  probe.newton.life:3333
2020/01/21 17:10:14 Connected to:  probe.newton.life:3333
2020/01/21 17:11:14 Connected to:  probe.newton.life:3333
2020/01/21 17:12:43 Connected to:  probe.newton.life:3333
2020/01/21 17:48:47 Connected to:  probe.newton.life:3333
2020/01/21 17:48:47 Connect from interface: 10.20.85.149
2020/01/21 19:18:17 Connected to:  probe.newton.life:3333
2020/01/21 19:18:17 Connect from interface: 10.20.85.149
2020/01/21 19:19:17 Connected to:  probe.newton.life:3333
2020/01/21 19:19:17 Connect from interface: 10.20.85.149
2020/01/21 19:20:17 Connected to:  probe.newton.life:3333
2020/01/21 19:20:17 Connect from interface: 10.20.85.149
2020/01/21 19:22:08 Connected to:  probe.newton.life:3333
2020/01/21 19:22:08 Connect from interface: 10.20.85.149
2020/01/21 19:24:10 Connected to:  probe.newton.life:3333
2020/01/21 19:24:10 Connect from interface: 10.20.85.149
2020/01/21 19:25:10 Connected to:  probe.newton.life:3333
2020/01/21 19:25:10 Connect from interface: 10.20.85.149
2020/01/21 19:26:10 Connected to:  probe.newton.life:3333
2020/01/21 19:26:10 Connect from interface: 10.20.85.149
2020/01/21 19:27:10 Connected to:  probe.newton.life:3333
2020/01/21 19:27:10 Connect from interface: 10.20.85.149
2020/01/21 19:28:10 Connected to:  probe.newton.life:3333
2020/01/21 19:28:10 Connect from interface: 10.20.85.149
2020/01/22 12:43:23 Connected to:  probe.newton.life:3333
2020/01/22 12:43:23 Connect from interface: 10.20.85.149
2020/01/22 12:43:23 Host address: 
2020/01/22 12:43:23 Data: {HostName:sysdev.local ContainerAddress:10.20.85.149:51873 HostAddress: HostToken:[0 0 0 0 0] MessageType:Some type of mesage Message:0xc0000e0030 Received:1579689803 Memory:{Total:17179869184 Used:10217005056 Free:1596284928}}
2020/01/22 12:43:28 Connected to:  probe.newton.life:3333
2020/01/22 12:43:28 Connect from interface: 10.20.85.149
2020/01/22 12:43:28 Host address: 
2020/01/22 12:43:28 Data: {HostName:sysdev.local ContainerAddress:10.20.85.149:51876 HostAddress: HostToken:[0 0 0 0 0] MessageType:Some type of mesage Message:0xc00008ea90 Received:1579689808 Memory:{Total:17179869184 Used:10227462144 Free:1589321728}}
